SF:lib/models/codec_info.dart
DA:40,1
DA:56,0
DA:57,0
DA:58,0
DA:59,0
DA:60,0
DA:61,0
DA:62,0
DA:63,0
DA:64,0
DA:65,0
DA:66,0
DA:67,0
DA:68,0
DA:70,0
DA:71,0
DA:72,0
DA:77,1
DA:78,1
DA:79,1
DA:80,1
DA:81,1
DA:82,1
DA:83,1
DA:84,1
DA:85,1
DA:86,1
DA:87,2
DA:88,1
DA:89,1
DA:90,1
DA:95,0
DA:98,0
DA:99,0
DA:101,0
DA:102,0
DA:103,0
DA:104,0
DA:105,0
DA:108,0
DA:112,0
DA:114,0
DA:115,0
DA:116,0
DA:117,0
DA:118,0
DA:119,0
DA:123,0
DA:124,0
DA:125,0
DA:129,0
DA:130,0
DA:131,0
DA:132,0
DA:136,0
DA:137,0
DA:139,0
DA:140,0
DA:145,0
DA:146,0
DA:148,0
DA:149,0
DA:150,0
DA:151,0
DA:156,0
DA:157,0
DA:159,0
DA:160,0
DA:162,0
DA:164,0
DA:166,0
DA:168,0
DA:171,0
DA:176,0
DA:177,0
DA:179,0
DA:180,0
DA:181,0
DA:182,0
DA:183,0
DA:187,3
DA:190,0
DA:191,0
DA:194,0
DA:195,0
DA:197,0
DA:198,0
DA:200,0
DA:201,0
DA:203,0
DA:211,0
DA:212,0
DA:214,0
DA:216,0
DA:224,0
DA:225,0
DA:227,0
DA:228,0
DA:229,0
DA:230,0
DA:231,0
DA:232,0
DA:233,0
DA:239,0
DA:253,0
DA:254,0
DA:255,0
DA:256,0
DA:257,0
DA:258,0
DA:259,0
DA:261,0
DA:263,0
DA:264,0
DA:265,0
DA:266,0
DA:267,0
DA:271,0
DA:274,0
DA:275,0
DA:276,0
DA:277,0
DA:278,0
DA:279,0
DA:282,0
DA:284,0
DA:287,0
DA:289,0
DA:290,0
DA:291,0
DA:292,0
DA:293,0
DA:294,0
DA:295,0
DA:300,1
DA:301,1
DA:330,3
DA:334,1
DA:335,1
DA:349,2
DA:351,1
DA:352,2
DA:360,0
DA:364,0
DA:366,0
DA:375,0
DA:376,0
DA:380,0
DA:382,0
DA:383,0
DA:384,0
DA:385,0
DA:388,0
DA:389,0
DA:390,0
DA:393,0
DA:403,0
DA:456,0
DA:457,0
DA:470,0
DA:474,0
DA:475,0
DA:477,0
DA:492,0
LF:164
LH:24
end_of_record
SF:lib/services/codec_info_service.dart
DA:10,3
DA:11,2
DA:12,1
DA:19,0
DA:20,0
DA:24,1
DA:25,1
DA:29,1
DA:30,2
DA:31,0
DA:32,0
DA:36,3
DA:37,4
DA:38,2
DA:42,1
DA:43,1
DA:47,1
DA:48,1
DA:52,1
DA:53,1
DA:55,5
DA:56,1
DA:57,1
DA:61,1
DA:62,1
DA:66,0
DA:67,0
DA:68,0
DA:70,0
DA:72,0
DA:74,0
DA:75,0
LF:32
LH:21
end_of_record
SF:lib/models/hardware_acceleration_config.dart
DA:35,2
DA:48,0
DA:49,0
DA:50,0
DA:51,0
DA:52,0
DA:54,0
DA:56,0
DA:57,0
DA:58,0
DA:60,0
DA:61,0
DA:62,0
DA:63,0
DA:65,0
DA:66,0
DA:68,0
DA:69,0
DA:74,0
DA:75,0
DA:76,0
DA:77,0
DA:78,0
DA:79,0
DA:80,0
DA:81,0
DA:82,0
DA:83,0
DA:84,0
DA:89,0
DA:90,0
DA:93,0
DA:94,0
DA:95,0
DA:101,0
DA:102,0
DA:105,0
DA:106,0
DA:107,0
DA:114,6
DA:117,3
DA:120,0
DA:123,1
DA:124,3
DA:125,3
DA:129,1
DA:130,3
DA:131,1
DA:134,1
DA:135,2
DA:140,2
DA:146,1
DA:147,1
DA:148,1
DA:151,1
DA:154,4
DA:155,0
DA:158,2
DA:160,0
DA:167,1
DA:178,1
DA:179,1
DA:180,0
DA:181,1
DA:183,1
DA:184,1
DA:185,0
DA:186,1
DA:187,1
DA:188,1
DA:192,0
DA:194,0
DA:195,0
DA:196,0
DA:197,0
DA:198,0
DA:203,2
DA:215,2
DA:219,1
DA:229,1
DA:233,1
DA:245,1
DA:249,0
DA:253,0
DA:254,0
DA:257,0
DA:258,0
DA:261,0
DA:262,0
DA:271,0
DA:272,0
DA:275,0
DA:276,0
DA:284,0
DA:285,0
DA:288,0
DA:289,0
DA:297,0
DA:298,0
DA:301,0
DA:302,0
DA:310,0
DA:311,0
DA:314,0
DA:315,0
DA:325,0
DA:328,0
DA:329,0
DA:336,0
DA:339,0
DA:340,0
DA:348,0
DA:349,0
DA:353,0
DA:357,0
DA:358,0
DA:359,0
DA:360,0
DA:361,0
DA:362,0
DA:363,0
DA:364,0
DA:365,0
DA:366,0
DA:368,0
DA:371,0
DA:372,0
DA:377,0
DA:380,0
DA:384,0
DA:387,0
DA:391,0
DA:394,0
DA:398,0
DA:400,0
DA:475,2
DA:486,0
DA:487,0
DA:488,0
DA:489,0
DA:490,0
DA:491,0
DA:492,0
DA:493,0
DA:494,0
DA:499,0
DA:500,0
DA:501,0
DA:502,0
DA:503,0
DA:504,0
DA:505,0
DA:506,0
DA:507,0
DA:512,0
DA:513,0
DA:514,0
DA:515,0
DA:516,0
DA:520,1
DA:521,1
DA:522,2
DA:523,2
DA:524,2
DA:525,2
DA:530,0
DA:531,0
DA:532,0
DA:535,0
DA:536,0
DA:541,0
DA:542,0
DA:543,0
DA:548,0
DA:549,0
DA:559,1
DA:560,1
DA:567,3
DA:568,4
DA:572,0
DA:573,0
DA:574,0
DA:577,0
DA:579,0
DA:580,0
DA:581,0
DA:582,0
DA:583,0
LF:188
LH:44
end_of_record
SF:lib/services/hardware_acceleration_service.dart
DA:12,2
DA:13,2
DA:17,2
DA:27,3
DA:30,2
DA:33,1
DA:34,1
DA:35,3
DA:36,3
DA:37,3
DA:41,1
DA:42,3
DA:43,3
DA:47,2
DA:49,0
DA:52,0
DA:57,2
DA:60,2
DA:61,2
DA:63,6
DA:64,4
DA:66,0
DA:67,0
DA:71,0
DA:72,0
DA:73,0
DA:74,0
DA:79,2
DA:81,2
DA:84,2
DA:85,0
DA:86,2
DA:87,0
DA:88,2
DA:89,0
DA:90,2
DA:91,2
DA:92,0
DA:93,0
DA:95,0
DA:100,1
DA:101,1
DA:102,3
DA:103,1
DA:106,0
DA:110,0
DA:115,0
DA:117,0
DA:121,0
DA:125,0
DA:129,0
DA:131,0
DA:132,0
DA:138,0
DA:141,0
DA:144,0
DA:146,0
DA:147,0
DA:150,0
DA:151,0
DA:153,0
DA:158,0
DA:159,0
DA:160,0
DA:166,1
DA:168,3
DA:172,0
DA:174,2
DA:176,0
DA:177,0
DA:178,0
DA:183,0
DA:184,0
DA:189,0
DA:190,0
DA:194,0
DA:199,0
DA:203,1
DA:204,3
DA:205,1
DA:206,1
DA:207,2
DA:212,1
DA:213,3
DA:217,2
DA:221,1
DA:222,1
DA:223,0
DA:226,2
DA:230,1
DA:231,1
DA:233,1
DA:234,0
DA:238,2
DA:239,1
DA:240,3
DA:241,0
DA:245,2
DA:247,2
DA:248,0
DA:251,3
DA:252,1
DA:255,1
DA:256,1
DA:264,0
DA:266,0
DA:267,0
DA:268,0
DA:270,0
DA:271,0
DA:272,0
DA:277,0
DA:283,0
DA:284,0
DA:287,0
DA:288,0
DA:294,0
DA:299,0
DA:302,0
DA:305,0
DA:308,0
DA:309,0
DA:314,0
DA:321,0
DA:322,0
DA:325,0
DA:326,0
DA:331,0
DA:339,0
DA:342,0
DA:345,0
DA:346,0
DA:351,0
DA:357,0
DA:358,0
DA:361,0
DA:362,0
DA:367,0
DA:375,0
DA:378,0
DA:381,0
DA:382,0
DA:387,2
DA:393,2
DA:394,2
DA:397,2
DA:398,2
DA:403,2
DA:408,2
DA:411,2
DA:414,6
DA:417,0
DA:418,0
DA:423,0
DA:429,0
DA:432,0
DA:440,0
DA:442,0
DA:448,2
DA:449,4
DA:450,4
DA:455,0
DA:456,0
DA:466,2
DA:472,1
DA:477,2
DA:479,2
DA:481,4
DA:486,1
DA:491,0
DA:498,0
DA:499,0
DA:501,0
DA:506,1
DA:511,1
DA:516,1
DA:517,1
DA:523,0
DA:525,0
DA:532,0
DA:533,0
DA:539,0
DA:544,0
DA:546,0
LF:184
LH:78
end_of_record
SF:lib/models/subtitle_config.g.dart
DA:13,0
DA:15,0
DA:16,0
DA:17,0
DA:19,0
DA:20,0
DA:21,0
DA:22,0
DA:23,0
DA:24,0
DA:25,0
DA:26,0
DA:27,0
DA:28,0
DA:29,0
DA:30,0
DA:31,0
DA:32,0
DA:36,0
DA:39,0
DA:40,0
DA:41,0
DA:42,0
DA:43,0
DA:44,0
DA:45,0
DA:46,0
DA:47,0
DA:48,0
DA:49,0
DA:50,0
DA:51,0
DA:52,0
DA:53,0
DA:54,0
DA:55,0
DA:56,0
DA:57,0
DA:58,0
DA:59,0
DA:60,0
DA:61,0
DA:62,0
DA:63,0
DA:64,0
DA:65,0
DA:68,0
DA:69,0
DA:71,0
DA:74,0
DA:75,0
DA:76,0
DA:83,0
DA:85,0
DA:86,0
DA:88,0
DA:90,0
DA:97,0
DA:100,0
DA:101,0
DA:103,0
DA:104,0
DA:106,0
DA:107,0
DA:112,0
DA:113,0
DA:115,0
DA:118,0
DA:119,0
DA:120,0
LF:70
LH:0
end_of_record
SF:lib/models/subtitle_config.dart
DA:59,1
DA:76,1
DA:79,0
DA:80,0
DA:81,0
DA:82,0
DA:83,0
DA:84,0
DA:85,0
DA:86,0
DA:87,0
DA:88,0
DA:89,0
DA:91,0
DA:92,0
DA:93,0
DA:94,0
DA:95,0
DA:96,0
DA:97,0
DA:102,0
DA:103,0
DA:104,0
DA:105,0
DA:106,0
DA:107,0
DA:108,0
DA:109,0
DA:110,0
DA:111,0
DA:112,0
DA:113,0
DA:114,0
DA:115,0
DA:116,0
DA:121,0
DA:124,0
DA:125,0
DA:133,1
DA:148,1
DA:149,1
DA:150,1
DA:151,1
DA:152,1
DA:153,1
DA:154,1
DA:155,1
DA:156,1
DA:157,1
DA:158,1
DA:159,1
DA:160,1
DA:161,1
DA:166,0
DA:167,0
DA:168,0
DA:169,0
DA:172,0
DA:173,0
DA:174,0
DA:175,0
DA:178,0
DA:179,0
DA:180,0
DA:181,0
DA:184,0
DA:185,0
DA:186,0
DA:187,0
DA:188,0
DA:229,0
DA:232,0
DA:233,0
DA:234,0
DA:235,0
DA:236,0
DA:237,0
DA:238,0
DA:239,0
DA:240,0
DA:241,0
DA:242,0
DA:243,0
DA:244,0
DA:245,0
DA:249,0
DA:252,0
DA:253,0
DA:254,0
DA:259,0
DA:261,0
DA:262,0
DA:263,0
DA:264,0
DA:265,0
DA:266,0
DA:267,0
DA:268,0
DA:269,0
DA:270,0
DA:271,0
DA:272,0
DA:273,0
DA:274,0
DA:278,0
DA:280,0
DA:281,0
DA:282,0
DA:283,0
DA:284,0
DA:285,0
DA:286,0
LF:112
LH:17
end_of_record
SF:lib/models/subtitle_track.dart
DA:31,1
DA:44,0
DA:45,0
DA:46,0
DA:47,0
DA:48,0
DA:49,0
DA:50,0
DA:51,0
DA:52,0
DA:53,0
DA:54,0
DA:59,1
DA:60,1
DA:61,1
DA:62,1
DA:63,1
DA:64,1
DA:65,1
DA:66,1
DA:67,1
DA:68,1
DA:69,1
DA:74,0
DA:96,1
DA:103,1
DA:104,1
DA:124,0
DA:125,0
DA:145,0
DA:149,0
DA:150,0
DA:151,0
DA:152,0
DA:153,0
DA:154,0
DA:159,0
DA:170,0
DA:171,0
DA:172,0
DA:173,0
DA:174,0
DA:175,0
DA:176,0
DA:177,0
DA:178,0
DA:179,0
DA:183,0
DA:186,0
DA:187,0
DA:188,0
DA:189,0
DA:190,0
DA:191,0
DA:192,0
DA:195,0
DA:197,0
DA:200,0
DA:202,0
LF:59
LH:15
end_of_record
SF:lib/services/performance_monitor_service.dart
DA:50,0
DA:67,0
DA:80,0
DA:81,0
DA:86,0
DA:99,0
DA:100,0
DA:101,0
DA:102,0
DA:103,0
DA:107,0
DA:108,0
DA:109,0
DA:110,0
DA:111,0
DA:115,0
DA:116,0
DA:117,0
DA:118,0
DA:119,0
DA:123,0
DA:124,0
DA:125,0
DA:126,0
DA:131,0
DA:132,0
DA:133,0
DA:134,0
DA:138,0
DA:140,0
DA:141,0
DA:142,0
DA:143,0
DA:144,0
DA:181,0
DA:194,0
DA:196,0
DA:197,0
DA:198,0
DA:199,0
DA:200,0
DA:209,1
DA:210,1
DA:214,1
DA:257,0
DA:260,1
DA:261,2
DA:265,0
DA:268,1
DA:269,1
DA:273,0
DA:274,0
DA:275,0
DA:278,0
DA:279,0
DA:280,0
DA:281,0
DA:282,0
DA:283,0
DA:284,0
DA:285,0
DA:288,0
DA:291,0
DA:292,0
DA:293,0
DA:296,0
DA:300,1
DA:301,1
DA:303,0
DA:304,0
DA:305,0
DA:306,0
DA:308,0
DA:312,1
DA:313,1
DA:315,1
DA:316,0
DA:323,1
DA:324,2
DA:328,0
DA:329,0
DA:330,0
DA:332,0
DA:333,0
DA:334,0
DA:335,0
DA:336,0
DA:338,0
DA:339,0
DA:341,0
DA:343,0
DA:347,0
DA:353,0
DA:358,0
DA:359,0
DA:360,0
DA:362,0
DA:363,0
DA:364,0
DA:365,0
DA:366,0
DA:367,0
DA:368,0
DA:370,0
DA:377,1
DA:378,2
DA:379,1
DA:380,1
DA:381,2
DA:385,1
DA:386,3
DA:387,0
DA:392,0
DA:393,0
DA:394,0
DA:399,0
DA:400,0
DA:401,0
DA:402,0
DA:406,0
DA:407,0
DA:411,0
DA:412,0
DA:416,0
DA:417,0
DA:421,0
DA:422,0
DA:429,0
DA:433,0
DA:434,0
DA:435,0
DA:436,0
DA:440,0
DA:445,0
DA:447,0
DA:448,0
DA:452,0
DA:453,0
DA:454,0
DA:460,0
DA:462,0
DA:463,0
DA:464,0
DA:465,0
DA:466,0
DA:472,0
DA:473,0
DA:474,0
DA:476,0
DA:479,0
DA:481,0
DA:482,0
DA:485,0
DA:497,0
DA:498,0
DA:506,0
DA:507,0
DA:508,0
DA:509,0
DA:510,0
DA:514,0
DA:518,0
DA:522,0
DA:523,0
DA:524,0
DA:526,0
DA:527,0
DA:532,0
DA:533,0
DA:534,0
DA:538,0
DA:540,0
DA:542,0
DA:545,0
DA:546,0
DA:551,0
DA:552,0
DA:556,0
DA:570,0
DA:573,0
DA:576,0
DA:577,0
DA:580,0
DA:585,0
DA:592,0
DA:595,0
DA:600,0
DA:606,0
DA:614,0
DA:616,0
DA:622,0
DA:630,0
DA:632,0
DA:638,1
DA:639,1
DA:640,2
DA:646,0
DA:647,0
DA:648,0
DA:649,0
DA:650,0
DA:651,0
DA:652,0
DA:653,0
DA:654,0
DA:655,0
DA:656,0
DA:657,0
DA:658,0
DA:659,0
DA:660,0
DA:666,0
DA:667,0
DA:668,0
DA:669,0
DA:670,0
DA:671,0
DA:672,0
DA:673,0
DA:674,0
DA:675,0
DA:676,0
DA:677,0
LF:223
LH:24
end_of_record
SF:lib/services/file_source/smb_file_source.dart
DA:18,1
DA:29,1
DA:30,1
DA:32,1
DA:33,1
DA:35,1
DA:38,0
DA:40,0
DA:42,0
DA:43,0
DA:44,0
DA:45,0
DA:46,0
DA:47,0
DA:58,0
DA:61,0
DA:64,0
DA:66,0
DA:67,0
DA:71,0
DA:74,0
DA:75,0
DA:76,0
DA:77,0
DA:78,0
DA:80,0
DA:81,0
DA:82,0
DA:85,0
DA:93,0
DA:95,0
DA:96,0
DA:98,0
DA:99,0
DA:100,0
DA:101,0
DA:102,0
DA:103,0
DA:104,0
DA:105,0
DA:108,0
DA:110,0
DA:115,0
DA:120,0
DA:122,0
DA:123,0
DA:127,0
DA:130,0
DA:135,0
DA:141,0
DA:142,0
DA:145,0
DA:148,0
DA:150,0
DA:151,0
DA:152,0
DA:159,0
DA:160,0
DA:161,0
DA:164,0
DA:167,0
DA:173,0
DA:174,0
DA:179,0
DA:187,0
DA:189,0
DA:190,0
DA:194,0
DA:195,0
DA:201,0
DA:202,0
DA:206,0
DA:207,0
DA:210,0
DA:212,0
DA:214,0
DA:219,0
DA:223,0
DA:227,0
DA:229,0
DA:233,0
DA:236,0
DA:242,0
DA:247,0
DA:249,0
DA:253,0
DA:255,0
DA:256,0
DA:260,0
DA:261,0
DA:267,0
DA:268,0
DA:269,0
DA:270,0
DA:271,0
DA:272,0
DA:273,0
DA:277,0
LF:98
LH:6
end_of_record
SF:lib/services/smb_connection_pool.dart
DA:5,3
DA:7,1
DA:8,1
DA:11,1
DA:16,0
DA:22,0
DA:24,0
DA:25,0
DA:34,0
DA:41,0
DA:44,0
DA:49,0
DA:54,0
DA:55,0
DA:56,0
DA:61,0
DA:62,0
LF:17
LH:4
end_of_record
SF:lib/services/file_source/file_source.dart
DA:28,0
LF:1
LH:0
end_of_record
SF:lib/screens/video_playback_settings_screen.dart
DA:12,1
DA:14,1
DA:16,1
DA:38,1
DA:40,1
DA:41,1
DA:44,1
DA:47,2
DA:50,2
DA:52,2
DA:54,2
DA:55,1
DA:56,2
DA:57,1
DA:60,0
DA:61,0
DA:66,1
DA:68,1
DA:69,1
DA:71,3
DA:72,1
DA:73,1
DA:74,1
DA:79,1
DA:81,1
DA:83,1
DA:87,1
DA:91,1
DA:95,1
DA:99,1
DA:105,1
DA:106,1
DA:109,1
DA:118,2
DA:119,1
DA:120,2
DA:121,2
DA:123,1
DA:124,1
DA:126,1
DA:127,2
DA:128,1
DA:133,1
DA:138,1
DA:139,1
DA:140,1
DA:143,1
DA:149,1
DA:152,1
DA:153,1
DA:156,1
DA:157,0
DA:158,0
DA:159,0
DA:163,2
DA:164,1
DA:166,3
DA:167,1
DA:168,2
DA:169,2
DA:172,1
DA:174,4
DA:177,0
DA:191,1
DA:192,1
DA:195,1
DA:204,2
DA:205,1
DA:206,2
DA:207,2
DA:209,1
DA:210,0
DA:212,0
DA:213,0
DA:218,1
DA:219,1
DA:220,1
DA:223,1
DA:224,0
DA:225,0
DA:226,0
DA:230,1
DA:231,4
DA:232,1
DA:233,1
DA:237,0
DA:238,0
DA:239,0
DA:248,1
DA:249,1
DA:252,1
DA:253,1
DA:256,1
DA:257,0
DA:258,0
DA:259,0
DA:263,1
DA:266,1
DA:267,0
DA:268,0
DA:269,0
DA:277,1
DA:278,1
DA:281,1
DA:282,1
DA:286,1
DA:288,1
DA:292,1
DA:298,1
DA:303,1
DA:304,1
DA:305,4
DA:306,1
DA:307,1
DA:308,4
DA:311,1
DA:313,1
DA:314,1
DA:317,1
DA:318,2
DA:319,1
DA:320,1
DA:321,1
DA:327,1
DA:328,1
DA:329,1
DA:331,4
DA:335,1
DA:337,5
DA:339,4
DA:345,1
DA:347,1
DA:356,1
DA:358,1
DA:360,1
DA:362,1
DA:364,1
DA:369,1
DA:371,1
DA:373,1
DA:375,1
DA:377,1
DA:382,1
DA:384,1
DA:386,1
DA:388,1
DA:390,1
DA:395,1
DA:396,1
DA:397,1
DA:398,1
DA:399,3
DA:405,0
DA:406,0
DA:407,0
DA:408,0
DA:409,0
DA:414,0
DA:415,0
DA:416,0
DA:417,0
DA:418,0
DA:421,0
DA:422,0
DA:423,0
DA:424,0
DA:425,0
LF:167
LH:131
end_of_record
SF:lib/services/settings_service.dart
DA:36,0
DA:37,0
DA:38,0
DA:41,0
DA:42,0
DA:43,0
DA:46,0
DA:47,0
DA:48,0
DA:49,0
DA:50,0
DA:53,0
DA:54,0
DA:55,0
DA:56,0
DA:57,0
DA:61,0
DA:62,0
DA:63,0
DA:66,0
DA:67,0
DA:68,0
DA:71,0
DA:72,0
DA:73,0
DA:76,0
DA:77,0
DA:78,0
DA:81,0
DA:82,0
DA:83,0
DA:86,0
DA:87,0
DA:88,0
DA:91,0
DA:92,0
DA:93,0
DA:96,0
DA:97,0
DA:98,0
DA:102,1
DA:103,1
DA:104,1
DA:105,1
DA:106,3
DA:107,1
DA:111,1
DA:112,1
DA:113,2
DA:117,0
DA:118,0
DA:119,0
DA:122,0
DA:123,0
DA:124,0
DA:128,0
DA:129,0
DA:130,0
DA:133,0
DA:134,0
DA:135,0
DA:140,0
DA:141,0
DA:142,0
DA:145,0
DA:146,0
DA:147,0
DA:151,1
DA:152,1
DA:153,1
DA:154,1
DA:155,1
DA:156,1
DA:157,1
DA:158,1
DA:162,0
DA:163,0
DA:164,0
DA:166,0
DA:168,0
DA:169,0
DA:171,0
DA:173,0
DA:175,0
DA:180,0
DA:181,0
DA:182,0
DA:183,0
DA:184,0
DA:185,0
DA:188,0
DA:189,0
DA:190,0
DA:193,0
DA:194,0
DA:195,0
DA:198,0
DA:199,0
DA:200,0
DA:203,0
DA:204,0
DA:205,0
DA:206,0
DA:207,0
DA:209,0
DA:212,0
DA:213,0
DA:214,0
DA:222,0
DA:223,0
DA:226,0
DA:227,0
DA:231,0
DA:232,0
DA:235,0
DA:236,0
DA:237,0
DA:238,0
DA:239,0
DA:240,0
DA:243,1
DA:245,1
DA:247,1
DA:249,1
DA:251,1
DA:257,0
DA:259,0
DA:260,0
DA:261,0
DA:262,0
DA:263,0
DA:264,0
DA:265,0
DA:266,0
DA:267,0
DA:268,0
LF:136
LH:22
end_of_record
SF:lib/models/buffer_config.dart
DA:49,1
DA:58,0
DA:59,0
DA:60,0
DA:61,0
DA:62,0
DA:63,0
DA:64,0
DA:68,0
DA:69,0
DA:70,0
DA:71,0
DA:72,0
DA:73,0
DA:74,0
DA:75,0
DA:76,0
DA:92,1
DA:102,0
DA:103,0
DA:104,0
DA:105,0
DA:106,0
DA:107,0
DA:108,0
DA:109,0
DA:110,0
DA:114,0
DA:115,0
DA:117,0
DA:118,0
DA:120,0
DA:121,0
DA:122,0
DA:123,0
DA:124,0
DA:136,1
DA:143,0
DA:144,0
DA:145,0
DA:146,0
DA:147,0
DA:148,0
DA:152,0
DA:153,0
DA:154,0
DA:155,0
DA:156,0
DA:158,0
DA:159,0
DA:160,0
DA:165,0
DA:167,0
DA:168,0
DA:170,0
DA:171,0
DA:175,0
DA:181,0
DA:183,0
DA:184,0
DA:185,0
DA:187,0
DA:192,0
DA:194,0
DA:195,0
DA:197,0
DA:201,0
DA:207,0
DA:208,0
DA:209,0
DA:210,0
DA:211,0
DA:216,0
DA:217,0
DA:222,0
DA:223,0
DA:224,0
DA:227,0
DA:232,0
DA:233,0
DA:234,0
DA:239,0
DA:240,0
DA:244,0
DA:245,0
DA:247,0
DA:248,0
DA:249,0
DA:250,0
DA:251,0
DA:253,0
DA:254,0
DA:255,0
DA:256,0
DA:260,0
DA:262,0
DA:263,0
DA:264,0
DA:268,0
DA:269,0
DA:270,0
DA:271,0
DA:275,0
DA:276,0
DA:277,0
DA:278,0
DA:279,0
DA:281,0
DA:285,0
DA:286,0
DA:287,0
DA:288,0
DA:289,0
DA:292,0
DA:293,0
DA:296,0
DA:301,0
DA:302,0
DA:303,0
DA:304,0
DA:305,0
DA:309,0
DA:310,0
DA:311,0
DA:313,0
DA:315,0
DA:317,0
DA:325,0
DA:328,0
DA:329,0
DA:346,1
DA:360,0
DA:362,0
DA:363,0
DA:364,0
DA:365,0
DA:366,0
DA:367,0
DA:368,0
DA:369,0
DA:370,0
DA:374,0
DA:375,0
DA:376,0
DA:377,0
DA:378,0
DA:380,0
DA:381,0
DA:382,0
DA:383,0
DA:384,0
DA:385,0
DA:387,0
DA:388,0
DA:389,0
DA:391,0
DA:392,0
DA:393,0
DA:394,0
DA:395,0
DA:399,0
DA:401,0
DA:402,0
DA:404,0
DA:405,0
DA:408,0
DA:413,0
DA:415,0
DA:416,0
DA:417,0
DA:419,0
DA:423,0
DA:425,0
DA:426,0
DA:428,0
DA:432,0
DA:445,0
DA:446,0
DA:447,0
DA:448,0
DA:449,0
DA:450,0
DA:451,0
DA:452,0
DA:453,0
DA:454,0
DA:455,0
DA:456,0
DA:480,0
DA:481,0
DA:482,0
DA:483,0
DA:485,0
DA:486,0
DA:488,0
DA:493,0
DA:494,0
DA:495,0
DA:496,0
DA:498,0
DA:499,0
DA:501,0
LF:202
LH:4
end_of_record
SF:lib/models/video_info.dart
DA:66,0
DA:90,0
DA:91,0
DA:92,0
DA:93,0
DA:94,0
DA:95,0
DA:96,0
DA:97,0
DA:98,0
DA:99,0
DA:100,0
DA:102,0
DA:103,0
DA:104,0
DA:105,0
DA:106,0
DA:107,0
DA:108,0
DA:109,0
DA:110,0
DA:111,0
DA:112,0
DA:113,0
DA:114,0
DA:115,0
DA:116,0
DA:117,0
DA:118,0
DA:123,0
DA:124,0
DA:125,0
DA:126,0
DA:127,0
DA:128,0
DA:129,0
DA:130,0
DA:131,0
DA:132,0
DA:133,0
DA:134,0
DA:135,0
DA:136,0
DA:137,0
DA:138,0
DA:139,0
DA:140,0
DA:141,0
DA:142,0
DA:143,0
DA:144,0
DA:149,0
DA:152,0
DA:153,0
DA:154,0
DA:155,0
DA:156,0
DA:157,0
DA:158,0
DA:163,0
DA:164,0
DA:165,0
DA:166,0
DA:167,0
DA:168,0
DA:173,0
DA:174,0
DA:175,0
DA:176,0
DA:177,0
DA:178,0
DA:179,0
DA:183,0
DA:184,0
DA:185,0
DA:186,0
DA:188,0
DA:189,0
DA:191,0
DA:196,0
DA:197,0
DA:198,0
DA:199,0
DA:200,0
DA:204,0
DA:207,0
DA:208,0
DA:210,0
DA:211,0
DA:212,0
DA:215,0
DA:216,0
DA:219,0
DA:220,0
DA:221,0
DA:222,0
DA:225,0
DA:226,0
DA:233,0
DA:236,0
DA:239,0
DA:242,0
DA:245,0
DA:248,0
DA:251,0
DA:252,0
DA:255,0
DA:256,0
DA:257,0
DA:258,0
DA:259,0
DA:260,0
DA:261,0
DA:262,0
DA:263,0
DA:264,0
DA:265,0
DA:266,0
DA:267,0
DA:268,0
DA:269,0
DA:270,0
DA:271,0
DA:272,0
DA:273,0
DA:274,0
DA:275,0
DA:276,0
DA:280,0
DA:283,0
DA:284,0
DA:285,0
DA:286,0
DA:287,0
DA:288,0
DA:289,0
DA:290,0
DA:291,0
DA:292,0
DA:295,0
DA:297,0
DA:298,0
DA:299,0
DA:300,0
DA:301,0
DA:302,0
DA:303,0
DA:304,0
DA:305,0
DA:306,0
DA:310,0
DA:312,0
DA:313,0
DA:314,0
DA:315,0
DA:316,0
DA:317,0
DA:318,0
DA:346,0
DA:357,0
DA:358,0
DA:359,0
DA:360,0
DA:361,0
DA:362,0
DA:363,0
DA:364,0
DA:365,0
DA:370,0
DA:371,0
DA:372,0
DA:373,0
DA:374,0
DA:375,0
DA:376,0
DA:377,0
DA:378,0
DA:383,0
DA:384,0
DA:399,0
DA:402,0
DA:404,0
DA:425,1
DA:434,0
DA:444,0
DA:450,0
DA:460,0
DA:464,0
DA:472,0
DA:474,0
DA:475,0
DA:476,0
DA:477,0
LF:193
LH:1
end_of_record
SF:lib/screens/format_support_screen.dart
DA:6,0
DA:8,0
DA:9,0
DA:16,0
DA:18,0
DA:19,0
DA:22,0
DA:24,0
DA:25,0
DA:26,0
DA:27,0
DA:31,0
DA:33,0
DA:34,0
DA:37,0
DA:39,0
DA:41,0
DA:42,0
DA:43,0
DA:44,0
DA:45,0
DA:46,0
DA:49,0
DA:50,0
DA:51,0
DA:52,0
DA:53,0
DA:55,0
DA:56,0
LF:29
LH:0
end_of_record
SF:lib/widgets/feedback_dialog.dart
DA:10,0
DA:16,0
DA:17,0
DA:30,0
DA:32,0
DA:33,0
DA:34,0
DA:38,0
DA:40,0
DA:41,0
DA:42,0
DA:43,0
DA:46,0
DA:48,0
DA:49,0
DA:50,0
DA:51,0
DA:53,0
DA:56,0
DA:58,0
DA:59,0
DA:60,0
DA:62,0
DA:66,0
DA:68,0
DA:73,0
DA:74,0
DA:82,0
DA:83,0
DA:84,0
DA:85,0
DA:86,0
DA:88,0
DA:90,0
DA:93,0
DA:98,0
DA:101,0
DA:102,0
DA:103,0
DA:104,0
DA:106,0
DA:108,0
DA:109,0
DA:113,0
DA:114,0
DA:115,0
DA:116,0
DA:117,0
DA:119,0
DA:121,0
DA:126,0
DA:127,0
DA:134,0
DA:135,0
DA:138,0
DA:147,0
DA:148,0
DA:156,0
DA:157,0
DA:160,0
DA:169,0
DA:170,0
DA:178,0
DA:179,0
DA:180,0
DA:181,0
DA:191,0
DA:194,0
DA:195,0
DA:196,0
DA:197,0
DA:202,0
DA:203,0
DA:205,0
DA:206,0
DA:207,0
DA:209,0
DA:221,0
DA:223,0
DA:224,0
DA:226,0
DA:230,0
DA:231,0
DA:232,0
DA:248,0
DA:249,0
DA:253,0
DA:254,0
DA:259,0
DA:260,0
DA:261,0
DA:262,0
DA:263,0
DA:265,0
DA:266,0
DA:267,0
DA:268,0
DA:273,0
DA:275,0
DA:276,0
DA:277,0
DA:280,0
DA:281,0
DA:284,0
DA:285,0
DA:286,0
DA:292,0
DA:294,0
DA:302,0
DA:305,0
DA:306,0
DA:307,0
DA:311,0
DA:313,0
DA:319,0
DA:320,0
DA:321,0
DA:322,0
DA:329,0
DA:330,0
DA:331,0
DA:332,0
DA:336,0
DA:338,0
DA:340,0
DA:342,0
DA:344,0
DA:346,0
DA:352,0
DA:357,0
DA:360,0
DA:361,0
LF:132
LH:0
end_of_record
SF:lib/services/tmdb_service.dart
DA:15,0
DA:21,0
DA:23,0
DA:24,0
DA:27,0
DA:28,0
DA:33,0
DA:34,0
DA:35,0
DA:38,0
DA:39,0
DA:45,0
DA:46,0
DA:49,0
DA:54,0
DA:56,0
DA:58,0
DA:59,0
DA:60,0
DA:63,0
DA:64,0
DA:67,0
DA:68,0
DA:73,0
DA:74,0
DA:77,0
DA:78,0
DA:80,0
DA:82,0
DA:83,0
DA:87,0
DA:93,0
DA:94,0
DA:97,0
DA:98,0
DA:100,0
DA:102,0
DA:103,0
DA:107,0
DA:113,0
DA:114,0
DA:115,0
DA:116,0
LF:43
LH:0
end_of_record
